<?xml version="1.0" encoding="UTF-8"?>
<!-- Generated by org.testng.reporters.JUnitXMLReporter -->
<testsuite ignored="1" hostname="COG-WIN-MAC04" failures="0" tests="1" name="Default test" time="172.168" errors="0" timestamp="2022-07-06T18:24:53 IST">
  <testcase classname="testcases.CompanySetupTest" name="ValidationCheck" time="162.555"/>
  <testcase classname="testcases.CompanySetupTest" name="addUser" time="0.0">
    <ignored/>
  </testcase> <!-- addUser -->
</testsuite> <!-- Default test -->
