<?xml version="1.0" encoding="UTF-8"?>
<testng-results ignored="0" total="1" passed="1" failed="0" skipped="0">
  <reporter-output>
  </reporter-output>
  <suite started-at="2022-07-07T16:55:44 IST" name="Default suite" finished-at="2022-07-07T16:56:24 IST" duration-ms="40264">
    <groups>
    </groups>
    <test started-at="2022-07-07T16:55:44 IST" name="Default test" finished-at="2022-07-07T16:56:24 IST" duration-ms="40264">
      <class name="testcases.PerformanceReviewTest">
        <test-method is-config="true" signature="setUp()[pri:0, instance:testcases.PerformanceReviewTest@4ac3c60d]" started-at="2022-07-07T16:55:44 IST" name="setUp" finished-at="2022-07-07T16:55:54 IST" duration-ms="10460" status="PASS">
          <reporter-output>
          </reporter-output>
        </test-method> <!-- setUp -->
        <test-method is-config="true" signature="beforeMethod(java.lang.reflect.Method)[pri:0, instance:testcases.PerformanceReviewTest@4ac3c60d]" started-at="2022-07-07T16:55:54 IST" name="beforeMethod" finished-at="2022-07-07T16:55:54 IST" duration-ms="135" status="PASS">
          <params>
            <param index="0">
              <value>
                <![CDATA[public void testcases.PerformanceReviewTest.addReview() throws java.text.ParseException]]>
              </value>
            </param>
          </params>
          <reporter-output>
          </reporter-output>
        </test-method> <!-- beforeMethod -->
        <test-method signature="addReview()[pri:0, instance:testcases.PerformanceReviewTest@4ac3c60d]" started-at="2022-07-07T16:55:54 IST" name="addReview" finished-at="2022-07-07T16:56:24 IST" duration-ms="29593" status="PASS">
          <reporter-output>
          </reporter-output>
        </test-method> <!-- addReview -->
        <test-method is-config="true" signature="reportWrapUp(org.testng.ITestResult,java.lang.reflect.Method)[pri:0, instance:testcases.PerformanceReviewTest@4ac3c60d]" started-at="2022-07-07T16:56:24 IST" name="reportWrapUp" finished-at="2022-07-07T16:56:24 IST" duration-ms="7" status="PASS">
          <params>
            <param index="0">
              <value>
                <![CDATA[[TestResult name=addReview status=SUCCESS method=PerformanceReviewTest.addReview()[pri:0, instance:testcases.PerformanceReviewTest@4ac3c60d] output={null}]]]>
              </value>
            </param>
            <param index="1">
              <value>
                <![CDATA[public void testcases.PerformanceReviewTest.addReview() throws java.text.ParseException]]>
              </value>
            </param>
          </params>
          <reporter-output>
          </reporter-output>
        </test-method> <!-- reportWrapUp -->
        <test-method is-config="true" signature="close()[pri:0, instance:testcases.PerformanceReviewTest@4ac3c60d]" started-at="2022-07-07T16:56:24 IST" name="close" finished-at="2022-07-07T16:56:24 IST" duration-ms="374" status="PASS">
          <reporter-output>
          </reporter-output>
        </test-method> <!-- close -->
      </class> <!-- testcases.PerformanceReviewTest -->
    </test> <!-- Default test -->
  </suite> <!-- Default suite -->
</testng-results>
